C:\Program Files (x86)\Microsoft Visual Studio\2019\Community\MSBuild\Microsoft\VC\v160\Microsoft.CppBuild.targets(477,5): warning MSB8004: Output Directory does not end with a trailing slash.  This build instance will add the slash as it is required to allow proper evaluation of the Output Directory.
  Server_Socket.cpp
C:\Users\jwoll\Desktop\project_folder\server_socket\Server_Socket\print_deffinitions.h(3,17): warning C4309: 'initializing': truncation of constant value
C:\Users\jwoll\Desktop\project_folder\server_socket\Server_Socket\print_deffinitions.h(4,17): warning C4309: 'initializing': truncation of constant value
C:\Users\jwoll\Desktop\project_folder\server_socket\Server_Socket\print_deffinitions.h(5,17): warning C4309: 'initializing': truncation of constant value
C:\Users\jwoll\Desktop\project_folder\server_socket\Server_Socket\print_deffinitions.h(6,17): warning C4309: 'initializing': truncation of constant value
C:\Users\jwoll\Desktop\project_folder\server_socket\Server_Socket\print_deffinitions.h(7,15): warning C4309: 'initializing': truncation of constant value
C:\Users\jwoll\Desktop\project_folder\server_socket\Server_Socket\print_deffinitions.h(8,15): warning C4309: 'initializing': truncation of constant value
C:\Users\jwoll\Desktop\project_folder\server_socket\Server_Socket\print_deffinitions.h(9,12): warning C4309: 'initializing': truncation of constant value
C:\Users\jwoll\Desktop\project_folder\server_socket\Server_Socket\print_deffinitions.h(10,12): warning C4309: 'initializing': truncation of constant value
C:\Users\jwoll\Desktop\project_folder\server_socket\Server_Socket\print_deffinitions.h(11,12): warning C4309: 'initializing': truncation of constant value
C:\Users\jwoll\Desktop\project_folder\server_socket\Server_Socket\print_deffinitions.h(12,12): warning C4309: 'initializing': truncation of constant value
C:\Users\jwoll\Desktop\project_folder\server_socket\Server_Socket\print_deffinitions.h(13,14): warning C4309: 'initializing': truncation of constant value
C:\Users\jwoll\Desktop\project_folder\server_socket\Server_Socket\print_deffinitions.h(15,15): warning C4309: 'initializing': truncation of constant value
C:\Users\jwoll\Desktop\project_folder\server_socket\Server_Socket\Server_Socket.cpp(35,11): warning C4101: 'current': unreferenced local variable
Server_Socket.obj : error LNK2001: unresolved external symbol __imp__WSAGetLastError@0
Server_Socket.obj : error LNK2001: unresolved external symbol __imp__htons@4
Server_Socket.obj : error LNK2001: unresolved external symbol __imp__recv@16
Server_Socket.obj : error LNK2001: unresolved external symbol __imp__socket@12
Server_Socket.obj : error LNK2001: unresolved external symbol __imp__send@16
Server_Socket.obj : error LNK2001: unresolved external symbol __imp__WSAStartup@8
Server_Socket.obj : error LNK2001: unresolved external symbol __imp__listen@8
Server_Socket.obj : error LNK2001: unresolved external symbol __imp__closesocket@4
Server_Socket.obj : error LNK2001: unresolved external symbol __imp__bind@12
Server_Socket.obj : error LNK2001: unresolved external symbol __imp__accept@12
Server_Socket.obj : error LNK2001: unresolved external symbol __imp__WSACleanup@0
C:\Users\jwoll\Desktop\project_folder\server_socket\RELEASE\Server_Socket.exe : fatal error LNK1120: 11 unresolved externals
